2023-03-10 21:43:53,795 DEBUG Starting new HTTPS connection (1): www.rusprofile.ru:443
2023-03-10 21:43:53,963 DEBUG https://www.rusprofile.ru:443 "GET /search?query=%D0%B0%D1%8D%D1%80%D0%BE%D1%81%D0%B8%D0%BB%D0%B0&type=ul&search_inactive=2 HTTP/1.1" 200 None
2023-03-10 21:43:53,992 INFO We've got NAME
2023-03-10 21:43:53,992 INFO We've got URL
2023-03-10 21:43:53,993 INFO We've got ADR
2023-03-10 21:43:53,993 INFO We've got NAME
2023-03-10 21:43:53,993 INFO We've got URL
2023-03-10 21:43:53,993 INFO We've got ADR
2023-03-10 21:43:53,993 INFO We've got NAME
2023-03-10 21:43:53,994 INFO We've got URL
2023-03-10 21:43:53,994 INFO We've got ADR
2023-03-10 21:44:27,607 DEBUG Starting new HTTPS connection (1): www.rusprofile.ru:443
2023-03-10 21:44:27,771 DEBUG https://www.rusprofile.ru:443 "GET /search?query=%D0%B0%D1%8D%D1%80%D0%BE%D1%81%D0%B8%D0%BB%D0%B0&type=ul&search_inactive=2 HTTP/1.1" 200 None
2023-03-10 21:44:27,798 INFO We've got NAME
2023-03-10 21:44:27,799 INFO We've got URL
2023-03-10 21:44:27,799 INFO We've got ADR
2023-03-10 21:44:27,799 INFO We've got NAME
2023-03-10 21:44:27,799 INFO We've got URL
2023-03-10 21:44:27,800 INFO We've got ADR
2023-03-10 21:44:27,800 INFO We've got NAME
2023-03-10 21:44:27,800 INFO We've got URL
2023-03-10 21:44:27,800 INFO We've got ADR
2023-03-10 21:47:06,849 DEBUG Starting new HTTPS connection (1): www.rusprofile.ru:443
2023-03-10 21:47:07,007 DEBUG https://www.rusprofile.ru:443 "GET /search?query=%D0%B0%D1%8D%D1%80%D0%BE%D1%81%D0%B8%D0%BB%D0%B0&type=ul&search_inactive=2 HTTP/1.1" 200 None
2023-03-10 21:47:07,036 INFO We've got NAME
2023-03-10 21:47:07,036 INFO We've got URL
2023-03-10 21:47:07,037 INFO We've got ADR
2023-03-10 21:47:07,037 INFO We've got NAME
2023-03-10 21:47:07,037 INFO We've got URL
2023-03-10 21:47:07,037 INFO We've got ADR
2023-03-10 21:47:07,037 INFO We've got NAME
2023-03-10 21:47:07,037 INFO We've got URL
2023-03-10 21:47:07,037 INFO We've got ADR
2023-03-10 22:02:21,972 DEBUG Starting new HTTPS connection (1): www.rusprofile.ru:443
2023-03-10 22:02:22,109 DEBUG https://www.rusprofile.ru:443 "GET /search?query=%D0%BC%D0%B8%D1%88%D0%BD%20%D1%84%D1%83%D0%B4%D1%81&type=ul&search_inactive=2 HTTP/1.1" 200 None
2023-03-10 22:02:22,127 INFO We've got NAME
2023-03-10 22:02:22,127 INFO We've got URL
2023-03-10 22:02:22,128 INFO We've got ADR
2023-03-10 22:02:22,128 INFO We've got NAME
2023-03-10 22:02:22,128 INFO We've got URL
2023-03-10 22:02:22,129 INFO We've got ADR
2023-03-10 22:04:38,782 DEBUG Starting new HTTPS connection (1): www.rusprofile.ru:443
2023-03-10 22:04:38,901 DEBUG https://www.rusprofile.ru:443 "GET /search?query=%D0%BC%D0%B8%D1%88%D0%BD%20%D1%84%D1%83%D0%B4%D1%81&type=ul&search_inactive=2 HTTP/1.1" 200 None
2023-03-10 22:04:38,914 INFO We've got NAME
2023-03-10 22:04:38,914 INFO We've got URL
2023-03-10 22:04:38,914 INFO We've got ADR
2023-03-10 22:06:30,015 DEBUG Starting new HTTPS connection (1): www.rusprofile.ru:443
2023-03-10 22:06:30,213 DEBUG https://www.rusprofile.ru:443 "GET /search?query=%D0%BC%D0%B8%D1%88%D0%BD%20%D1%84%D1%83%D0%B4%D1%81&type=ul&search_inactive=2 HTTP/1.1" 200 None
2023-03-10 22:06:30,228 INFO We've got NAME
2023-03-10 22:06:30,228 INFO We've got URL
2023-03-10 22:06:30,228 INFO We've got ADR
2023-03-10 22:06:30,229 INFO We've got NAME
2023-03-10 22:06:30,229 INFO We've got URL
2023-03-10 22:06:30,229 INFO We've got ADR
2023-03-10 22:09:00,408 DEBUG Starting new HTTPS connection (1): www.rusprofile.ru:443
2023-03-10 22:09:00,567 DEBUG https://www.rusprofile.ru:443 "GET /search?query=%D0%BC%D0%B8%D1%88%D0%BD%20%D1%84%D1%83%D0%B4%D1%81&type=ul&search_inactive=2 HTTP/1.1" 200 None
2023-03-10 22:09:00,596 INFO We've got NAME
2023-03-10 22:09:00,597 INFO We've got URL
2023-03-10 22:09:00,597 INFO We've got ADR
2023-03-10 22:09:00,598 INFO We've got NAME
2023-03-10 22:09:00,598 INFO We've got URL
2023-03-10 22:09:00,598 INFO We've got ADR
2023-03-10 22:09:12,879 DEBUG Starting new HTTPS connection (1): www.rusprofile.ru:443
2023-03-10 22:09:12,988 DEBUG https://www.rusprofile.ru:443 "GET /search?query=%D0%BC%D0%B8%D1%88%D0%BD%20%D1%84%D1%83%D0%B4%D1%81&type=ul&search_inactive=2 HTTP/1.1" 200 None
2023-03-10 22:09:13,013 INFO We've got NAME
2023-03-10 22:09:13,013 INFO We've got URL
2023-03-10 22:09:13,013 INFO We've got ADR
2023-03-10 22:09:13,014 INFO We've got NAME
2023-03-10 22:09:13,014 INFO We've got URL
2023-03-10 22:09:13,014 INFO We've got ADR
2023-03-10 22:09:37,850 DEBUG Starting new HTTPS connection (1): www.rusprofile.ru:443
2023-03-10 22:09:37,971 DEBUG https://www.rusprofile.ru:443 "GET /search?query=%D0%BC%D0%B8%D1%88%D0%BD%20%D1%84%D1%83%D0%B4%D1%81&type=ul&search_inactive=2 HTTP/1.1" 200 None
2023-03-10 22:09:38,019 INFO We've got NAME
2023-03-10 22:09:38,019 INFO We've got URL
2023-03-10 22:09:38,020 INFO We've got ADR
2023-03-10 22:10:28,510 DEBUG Starting new HTTPS connection (1): www.rusprofile.ru:443
2023-03-10 22:10:28,635 DEBUG https://www.rusprofile.ru:443 "GET /search?query=%D0%BC%D0%B8%D1%88%D0%BD%20%D1%84%D1%83%D0%B4%D1%81&type=ul&search_inactive=2 HTTP/1.1" 200 None
2023-03-10 22:10:28,717 INFO We've got NAME
2023-03-10 22:10:28,717 INFO We've got URL
2023-03-10 22:10:28,717 INFO We've got ADR
2023-03-10 22:10:38,268 DEBUG Starting new HTTPS connection (1): www.rusprofile.ru:443
2023-03-10 22:10:38,451 DEBUG https://www.rusprofile.ru:443 "GET /search?query=%D0%BC%D0%B8%D1%88%D0%BD%20%D1%84%D1%83%D0%B4%D1%81&type=ul&search_inactive=2 HTTP/1.1" 200 None
2023-03-10 22:10:38,466 INFO We've got NAME
2023-03-10 22:10:38,466 INFO We've got URL
2023-03-10 22:10:38,466 INFO We've got ADR
2023-03-10 22:10:38,467 INFO We've got NAME
2023-03-10 22:10:38,467 INFO We've got URL
2023-03-10 22:10:38,468 INFO We've got ADR
2023-03-10 22:10:43,412 DEBUG Starting new HTTPS connection (1): www.rusprofile.ru:443
2023-03-10 22:10:43,546 DEBUG https://www.rusprofile.ru:443 "GET /search?query=%D0%BC%D0%B8%D1%88%D0%BD%20%D1%84%D1%83%D0%B4%D1%81&type=ul&search_inactive=2 HTTP/1.1" 200 None
2023-03-10 22:10:43,624 INFO We've got NAME
2023-03-10 22:10:43,624 INFO We've got URL
2023-03-10 22:10:43,625 INFO We've got ADR
2023-03-10 22:14:05,674 DEBUG Starting new HTTPS connection (1): www.rusprofile.ru:443
2023-03-10 22:14:05,793 DEBUG https://www.rusprofile.ru:443 "GET /search?query=%D0%BC%D0%B8%D1%88%D0%BD%20%D1%84%D1%83%D0%B4%D1%81&type=ul&search_inactive=2 HTTP/1.1" 200 None
2023-03-10 22:14:05,807 INFO We've got NAME
2023-03-10 22:14:05,807 INFO We've got URL
2023-03-10 22:14:05,807 INFO We've got ADR
2023-03-10 22:14:05,808 INFO We've got NAME
2023-03-10 22:14:05,809 INFO We've got URL
2023-03-10 22:14:05,809 INFO We've got ADR
2023-03-10 22:14:17,488 DEBUG Starting new HTTPS connection (1): www.rusprofile.ru:443
2023-03-10 22:14:17,633 DEBUG https://www.rusprofile.ru:443 "GET /search?query=%D0%BC%D0%B8%D1%88%D0%BD%20%D1%84%D1%83%D0%B4%D1%81&type=ul&search_inactive=2 HTTP/1.1" 200 None
2023-03-10 22:14:17,688 INFO We've got NAME
2023-03-10 22:14:17,688 INFO We've got URL
2023-03-10 22:14:17,689 INFO We've got ADR
2023-03-10 22:14:26,186 DEBUG Starting new HTTPS connection (1): www.rusprofile.ru:443
2023-03-10 22:14:26,500 DEBUG https://www.rusprofile.ru:443 "GET /search?query=%D0%BC%D0%B8%D1%88%D0%BD%20%D1%84%D1%83%D0%B4%D1%81&type=ul&search_inactive=2 HTTP/1.1" 200 None
2023-03-10 22:14:26,540 INFO We've got NAME
2023-03-10 22:14:26,540 INFO We've got URL
2023-03-10 22:14:26,540 INFO We've got ADR
2023-03-10 22:14:26,541 INFO We've got NAME
2023-03-10 22:14:26,541 INFO We've got URL
2023-03-10 22:14:26,542 INFO We've got ADR
2023-03-10 22:15:00,758 DEBUG Starting new HTTPS connection (1): www.rusprofile.ru:443
2023-03-10 22:15:00,907 DEBUG https://www.rusprofile.ru:443 "GET /search?query=%D0%BC%D0%B8%D1%88%D0%BD%20%D1%84%D1%83%D0%B4%D1%81&type=ul&search_inactive=2 HTTP/1.1" 200 None
2023-03-10 22:15:00,974 INFO We've got NAME
2023-03-10 22:15:00,974 INFO We've got URL
2023-03-10 22:15:00,975 INFO We've got ADR
2023-03-10 22:15:58,276 DEBUG Starting new HTTPS connection (1): www.rusprofile.ru:443
2023-03-10 22:15:59,076 DEBUG https://www.rusprofile.ru:443 "GET /search?query=%D0%BC%D0%B8%D1%88%D0%BD%20%D1%84%D1%83%D0%B4%D1%81&type=ul&search_inactive=2 HTTP/1.1" 200 None
2023-03-10 22:15:59,105 INFO We've got NAME
2023-03-10 22:15:59,106 INFO We've got URL
2023-03-10 22:15:59,106 INFO We've got ADR
2023-03-10 22:15:59,107 INFO We've got NAME
2023-03-10 22:15:59,108 INFO We've got URL
2023-03-10 22:15:59,108 INFO We've got ADR
2023-03-10 22:16:22,556 DEBUG Starting new HTTPS connection (1): www.rusprofile.ru:443
2023-03-10 22:16:22,680 DEBUG https://www.rusprofile.ru:443 "GET /search?query=%D0%BC%D0%B8%D1%88%D0%BD%20%D1%84%D1%83%D0%B4%D1%81&type=ul&search_inactive=2 HTTP/1.1" 200 None
2023-03-10 22:16:22,715 INFO We've got NAME
2023-03-10 22:16:22,716 INFO We've got URL
2023-03-10 22:16:22,716 INFO We've got ADR
2023-03-10 22:16:22,718 INFO We've got NAME
2023-03-10 22:16:22,718 INFO We've got URL
2023-03-10 22:16:22,718 INFO We've got ADR
2023-03-10 22:18:52,375 DEBUG Starting new HTTPS connection (1): www.rusprofile.ru:443
2023-03-10 22:18:52,560 DEBUG https://www.rusprofile.ru:443 "GET /search?query=%D0%BC%D0%B8%D1%88%D0%BD%20%D1%84%D1%83%D0%B4%D1%81&type=ul&search_inactive=2 HTTP/1.1" 200 None
2023-03-10 22:18:52,576 INFO We've got NAME
2023-03-10 22:18:52,576 INFO We've got URL
2023-03-10 22:18:52,576 INFO We've got ADR
2023-03-10 22:24:32,165 DEBUG Starting new HTTPS connection (1): www.rusprofile.ru:443
2023-03-10 22:24:32,320 DEBUG https://www.rusprofile.ru:443 "GET /search?query=%D0%BC%D0%B8%D1%88%D0%BD%20%D1%84%D1%83%D0%B4%D1%81&type=ul&search_inactive=2 HTTP/1.1" 200 None
2023-03-10 22:24:32,341 INFO We've got NAME
2023-03-10 22:24:32,341 INFO We've got URL
2023-03-10 22:24:32,341 INFO We've got ADR
2023-03-10 22:24:32,342 INFO We've got NAME
2023-03-10 22:24:32,342 INFO We've got URL
2023-03-10 22:24:32,343 INFO We've got ADR
2023-03-10 22:26:38,601 DEBUG Starting new HTTPS connection (1): www.rusprofile.ru:443
2023-03-10 22:26:38,722 DEBUG https://www.rusprofile.ru:443 "GET /search?query=%D0%BC%D0%B8%D1%88%D0%BD%20%D1%84%D1%83%D0%B4%D1%81&type=ul&search_inactive=2 HTTP/1.1" 200 None
2023-03-10 22:26:38,808 INFO We've got NAME
2023-03-10 22:26:38,809 INFO We've got URL
2023-03-10 22:26:38,809 INFO We've got ADR
2023-03-10 22:26:38,810 INFO We've got INN
2023-03-10 22:26:38,810 INFO We've got INN
2023-03-10 22:26:38,810 INFO We've got NAME
2023-03-10 22:26:38,810 INFO We've got URL
2023-03-10 22:26:38,811 INFO We've got ADR
2023-03-10 22:26:38,811 INFO We've got INN
2023-03-10 22:29:31,433 DEBUG Starting new HTTPS connection (1): www.rusprofile.ru:443
2023-03-10 22:29:31,663 DEBUG https://www.rusprofile.ru:443 "GET /search?query=SDAFSDA&type=ul&search_inactive=2 HTTP/1.1" 200 None
2023-03-10 22:32:18,203 DEBUG Starting new HTTPS connection (1): www.rusprofile.ru:443
2023-03-10 22:32:18,329 DEBUG https://www.rusprofile.ru:443 "GET /search?query=SDAFSDA&type=ul&search_inactive=2 HTTP/1.1" 200 None
2023-03-10 22:34:56,702 DEBUG Starting new HTTPS connection (1): www.rusprofile.ru:443
2023-03-10 22:34:56,820 DEBUG https://www.rusprofile.ru:443 "GET /search?query=SDAFSDA&type=ul&search_inactive=2 HTTP/1.1" 200 None
2023-03-10 22:39:49,058 DEBUG Starting new HTTPS connection (1): www.rusprofile.ru:443
2023-03-10 22:39:49,175 DEBUG https://www.rusprofile.ru:443 "GET /search?query=SDAFSDA&type=ul&search_inactive=2 HTTP/1.1" 200 None
2023-03-10 22:40:05,989 DEBUG Starting new HTTPS connection (1): www.rusprofile.ru:443
2023-03-10 22:40:06,095 DEBUG https://www.rusprofile.ru:443 "GET /search?query=SDAFSDA&type=ul&search_inactive=2 HTTP/1.1" 200 None
2023-03-10 22:45:51,267 DEBUG Starting new HTTPS connection (1): www.rusprofile.ru:443
2023-03-10 22:45:51,407 DEBUG https://www.rusprofile.ru:443 "GET /search?query=SDAFSDA&type=ul&search_inactive=2 HTTP/1.1" 200 None
2023-03-10 22:48:07,075 DEBUG Starting new HTTPS connection (1): www.rusprofile.ru:443
2023-03-10 22:48:07,261 DEBUG https://www.rusprofile.ru:443 "GET /search?query=SDAFSDA&type=ul&search_inactive=2 HTTP/1.1" 200 None
2023-03-10 22:48:17,751 DEBUG Starting new HTTPS connection (1): www.rusprofile.ru:443
2023-03-10 22:48:17,925 DEBUG https://www.rusprofile.ru:443 "GET /search?query=SDAFSDA&type=ul&search_inactive=2 HTTP/1.1" 200 None
2023-03-10 22:53:03,540 DEBUG Starting new HTTPS connection (1): www.rusprofile.ru:443
2023-03-10 22:53:03,671 DEBUG https://www.rusprofile.ru:443 "GET /search?query=SDAFSDA&type=ul&search_inactive=2 HTTP/1.1" 200 None
2023-03-10 22:56:01,824 DEBUG Starting new HTTPS connection (1): www.rusprofile.ru:443
2023-03-10 22:56:01,944 DEBUG https://www.rusprofile.ru:443 "GET /search?query=SDAFSDA&type=ul&search_inactive=2 HTTP/1.1" 200 None
2023-03-10 23:00:11,064 DEBUG Starting new HTTPS connection (1): www.rusprofile.ru:443
2023-03-10 23:00:11,182 DEBUG https://www.rusprofile.ru:443 "GET /search?query=SDAFSDA&type=ul&search_inactive=2 HTTP/1.1" 200 None
2023-03-10 23:00:22,610 DEBUG Starting new HTTPS connection (1): www.rusprofile.ru:443
2023-03-10 23:00:22,714 DEBUG https://www.rusprofile.ru:443 "GET /search?query=SDAFSDA&type=ul&search_inactive=2 HTTP/1.1" 200 None
2023-03-10 23:01:22,049 DEBUG Starting new HTTPS connection (1): www.rusprofile.ru:443
2023-03-10 23:01:22,189 DEBUG https://www.rusprofile.ru:443 "GET /search?query=SDAFSDA&type=ul&search_inactive=2 HTTP/1.1" 200 None
2023-03-10 23:01:25,871 DEBUG Starting new HTTPS connection (1): www.rusprofile.ru:443
2023-03-10 23:01:26,175 DEBUG https://www.rusprofile.ru:443 "GET /search?query=SDAFSDA&type=ul&search_inactive=2 HTTP/1.1" 200 None
2023-03-10 23:04:03,481 DEBUG Starting new HTTPS connection (1): www.rusprofile.ru:443
2023-03-10 23:04:03,615 DEBUG https://www.rusprofile.ru:443 "GET /search?query=SDAFSDA&type=ul&search_inactive=2 HTTP/1.1" 200 None
2023-03-10 23:04:08,485 DEBUG Starting new HTTPS connection (1): www.rusprofile.ru:443
2023-03-10 23:04:08,711 DEBUG https://www.rusprofile.ru:443 "GET /search?query=SDAFSDA&type=ul&search_inactive=2 HTTP/1.1" 200 None
2023-03-10 23:06:21,305 DEBUG Starting new HTTPS connection (1): www.rusprofile.ru:443
2023-03-10 23:06:21,414 DEBUG https://www.rusprofile.ru:443 "GET /search?query=SDAFSDA&type=ul&search_inactive=2 HTTP/1.1" 200 None
2023-03-10 23:06:28,794 DEBUG Starting new HTTPS connection (1): www.rusprofile.ru:443
2023-03-10 23:06:29,004 DEBUG https://www.rusprofile.ru:443 "GET /search?query=SDAFSDA&type=ul&search_inactive=2 HTTP/1.1" 200 None
2023-03-10 23:07:10,922 DEBUG Starting new HTTPS connection (1): www.rusprofile.ru:443
2023-03-10 23:07:11,090 DEBUG https://www.rusprofile.ru:443 "GET /search?query=SDAFSDA&type=ul&search_inactive=2 HTTP/1.1" 200 None
2023-03-10 23:07:58,471 DEBUG Starting new HTTPS connection (1): www.rusprofile.ru:443
2023-03-10 23:07:58,588 DEBUG https://www.rusprofile.ru:443 "GET /search?query=SDAFSDA&type=ul&search_inactive=2 HTTP/1.1" 200 None
2023-03-10 23:10:01,396 DEBUG Starting new HTTPS connection (1): www.rusprofile.ru:443
2023-03-10 23:10:01,572 DEBUG https://www.rusprofile.ru:443 "GET /search?query=SDAFSDA&type=ul&search_inactive=2 HTTP/1.1" 200 None
2023-03-10 23:10:42,962 DEBUG Starting new HTTPS connection (1): www.rusprofile.ru:443
2023-03-10 23:10:43,486 DEBUG https://www.rusprofile.ru:443 "GET /search?query=%D0%98%D1%80%D0%BA%D1%83%D1%82&type=ul&search_inactive=2 HTTP/1.1" 200 None
2023-03-10 23:10:43,654 INFO We've got NAME
2023-03-10 23:10:43,655 INFO We've got URL
2023-03-10 23:10:43,655 INFO We've got ADR
2023-03-10 23:10:43,670 INFO We've got INN
2023-03-10 23:10:43,670 INFO We've got INN
2023-03-10 23:10:43,670 INFO We've got INN
2023-03-10 23:10:43,670 INFO We've got INN
2023-03-10 23:10:43,670 INFO We've got INN
2023-03-10 23:10:43,671 INFO We've got INN
2023-03-10 23:10:43,671 INFO We've got INN
2023-03-10 23:10:43,672 INFO We've got INN
2023-03-10 23:10:43,672 INFO We've got INN
2023-03-10 23:10:43,672 INFO We've got INN
2023-03-10 23:10:43,672 INFO We've got INN
2023-03-10 23:10:43,673 INFO We've got INN
2023-03-10 23:10:43,673 INFO We've got INN
2023-03-10 23:10:43,673 INFO We've got INN
2023-03-10 23:10:43,673 INFO We've got INN
2023-03-10 23:10:43,673 INFO We've got INN
2023-03-10 23:10:43,673 INFO We've got INN
2023-03-10 23:10:43,674 INFO We've got INN
2023-03-10 23:10:43,674 INFO We've got INN
2023-03-10 23:10:43,674 INFO We've got INN
2023-03-10 23:10:43,674 INFO We've got INN
2023-03-10 23:10:43,674 INFO We've got INN
2023-03-10 23:10:43,674 INFO We've got INN
2023-03-10 23:10:43,675 INFO We've got INN
2023-03-10 23:10:43,675 INFO We've got INN
2023-03-10 23:10:43,675 INFO We've got INN
2023-03-10 23:10:43,675 INFO We've got INN
2023-03-10 23:10:43,675 INFO We've got INN
2023-03-10 23:10:43,675 INFO We've got INN
2023-03-10 23:10:43,676 INFO We've got INN
2023-03-10 23:10:43,676 INFO We've got INN
2023-03-10 23:10:43,676 INFO We've got INN
2023-03-10 23:10:43,676 INFO We've got INN
2023-03-10 23:10:43,677 INFO We've got INN
2023-03-10 23:10:43,677 INFO We've got INN
2023-03-10 23:10:43,677 INFO We've got INN
2023-03-10 23:10:43,678 INFO We've got INN
2023-03-10 23:10:43,678 INFO We've got INN
2023-03-10 23:10:43,678 INFO We've got INN
2023-03-10 23:10:43,678 INFO We've got INN
2023-03-10 23:10:43,679 INFO We've got INN
2023-03-10 23:10:43,679 INFO We've got INN
2023-03-10 23:10:43,679 INFO We've got INN
2023-03-10 23:10:43,680 INFO We've got INN
2023-03-10 23:10:43,680 INFO We've got INN
2023-03-10 23:10:43,680 INFO We've got INN
2023-03-10 23:10:43,680 INFO We've got INN
2023-03-10 23:10:43,680 INFO We've got INN
2023-03-10 23:10:43,680 INFO We've got INN
2023-03-10 23:10:43,680 INFO We've got INN
2023-03-10 23:10:43,681 INFO We've got INN
2023-03-10 23:10:43,681 INFO We've got INN
2023-03-10 23:10:43,681 INFO We've got INN
2023-03-10 23:10:43,681 INFO We've got INN
2023-03-10 23:10:43,681 INFO We've got INN
2023-03-10 23:10:43,681 INFO We've got INN
2023-03-10 23:10:43,682 INFO We've got INN
2023-03-10 23:10:43,682 INFO We've got INN
2023-03-10 23:10:43,682 INFO We've got INN
2023-03-10 23:10:43,682 INFO We've got INN
2023-03-10 23:10:43,683 INFO We've got INN
2023-03-10 23:10:43,683 INFO We've got INN
2023-03-10 23:10:43,683 INFO We've got INN
2023-03-10 23:10:43,683 INFO We've got INN
2023-03-10 23:10:43,683 INFO We've got INN
2023-03-10 23:10:43,683 INFO We've got INN
2023-03-10 23:10:43,683 INFO We've got INN
2023-03-10 23:10:43,684 INFO We've got INN
2023-03-10 23:10:43,684 INFO We've got INN
2023-03-10 23:10:43,684 INFO We've got INN
2023-03-10 23:10:43,684 INFO We've got INN
2023-03-10 23:10:43,684 INFO We've got INN
2023-03-10 23:10:43,684 INFO We've got INN
2023-03-10 23:10:43,685 INFO We've got INN
2023-03-10 23:10:43,685 INFO We've got INN
2023-03-10 23:10:43,685 INFO We've got INN
2023-03-10 23:10:43,685 INFO We've got INN
2023-03-10 23:10:43,685 INFO We've got INN
2023-03-10 23:10:43,685 INFO We've got INN
2023-03-10 23:10:43,685 INFO We've got INN
2023-03-10 23:10:43,686 INFO We've got INN
2023-03-10 23:10:43,686 INFO We've got INN
2023-03-10 23:10:43,686 INFO We've got INN
2023-03-10 23:10:43,686 INFO We've got INN
2023-03-10 23:10:43,686 INFO We've got INN
2023-03-10 23:10:43,686 INFO We've got INN
2023-03-10 23:10:43,687 INFO We've got INN
2023-03-10 23:10:43,687 INFO We've got INN
2023-03-10 23:10:43,687 INFO We've got INN
2023-03-10 23:10:43,687 INFO We've got INN
2023-03-10 23:10:43,688 INFO We've got INN
2023-03-10 23:10:43,688 INFO We've got INN
2023-03-10 23:10:43,688 INFO We've got INN
2023-03-10 23:10:43,688 INFO We've got INN
2023-03-10 23:10:43,689 INFO We've got INN
2023-03-10 23:10:43,689 INFO We've got NAME
2023-03-10 23:10:43,689 INFO We've got URL
2023-03-10 23:10:43,689 INFO We've got ADR
2023-03-10 23:10:43,700 INFO We've got INN
2023-03-10 23:10:43,700 INFO We've got INN
2023-03-10 23:10:43,700 INFO We've got INN
2023-03-10 23:10:43,700 INFO We've got INN
2023-03-10 23:10:43,700 INFO We've got INN
2023-03-10 23:10:43,701 INFO We've got INN
2023-03-10 23:10:43,701 INFO We've got INN
2023-03-10 23:10:43,701 INFO We've got INN
2023-03-10 23:10:43,701 INFO We've got INN
2023-03-10 23:10:43,702 INFO We've got INN
2023-03-10 23:10:43,702 INFO We've got INN
2023-03-10 23:10:43,702 INFO We've got INN
2023-03-10 23:10:43,702 INFO We've got INN
2023-03-10 23:10:43,702 INFO We've got INN
2023-03-10 23:10:43,702 INFO We've got INN
2023-03-10 23:10:43,703 INFO We've got INN
2023-03-10 23:10:43,703 INFO We've got INN
2023-03-10 23:10:43,703 INFO We've got INN
2023-03-10 23:10:43,703 INFO We've got INN
2023-03-10 23:10:43,703 INFO We've got INN
2023-03-10 23:10:43,703 INFO We've got INN
2023-03-10 23:10:43,703 INFO We've got INN
2023-03-10 23:10:43,704 INFO We've got INN
2023-03-10 23:10:43,704 INFO We've got INN
2023-03-10 23:10:43,704 INFO We've got INN
2023-03-10 23:10:43,704 INFO We've got INN
2023-03-10 23:10:43,704 INFO We've got INN
2023-03-10 23:10:43,704 INFO We've got INN
2023-03-10 23:10:43,705 INFO We've got INN
2023-03-10 23:10:43,705 INFO We've got INN
2023-03-10 23:10:43,705 INFO We've got INN
2023-03-10 23:10:43,705 INFO We've got INN
2023-03-10 23:10:43,705 INFO We've got INN
2023-03-10 23:10:43,705 INFO We've got INN
2023-03-10 23:10:43,706 INFO We've got INN
2023-03-10 23:10:43,706 INFO We've got INN
2023-03-10 23:10:43,706 INFO We've got INN
2023-03-10 23:10:43,707 INFO We've got INN
2023-03-10 23:10:43,707 INFO We've got INN
2023-03-10 23:10:43,707 INFO We've got INN
2023-03-10 23:10:43,707 INFO We've got INN
2023-03-10 23:10:43,707 INFO We've got INN
2023-03-10 23:10:43,708 INFO We've got INN
2023-03-10 23:10:43,708 INFO We've got INN
2023-03-10 23:10:43,708 INFO We've got INN
2023-03-10 23:10:43,708 INFO We've got INN
2023-03-10 23:10:43,708 INFO We've got INN
2023-03-10 23:10:43,708 INFO We've got INN
2023-03-10 23:10:43,708 INFO We've got INN
2023-03-10 23:10:43,709 INFO We've got INN
2023-03-10 23:10:43,709 INFO We've got INN
2023-03-10 23:10:43,709 INFO We've got INN
2023-03-10 23:10:43,709 INFO We've got INN
2023-03-10 23:10:43,709 INFO We've got INN
2023-03-10 23:10:43,709 INFO We've got INN
2023-03-10 23:10:43,710 INFO We've got INN
2023-03-10 23:10:43,710 INFO We've got INN
2023-03-10 23:10:43,711 INFO We've got INN
2023-03-10 23:10:43,711 INFO We've got INN
2023-03-10 23:10:43,711 INFO We've got INN
2023-03-10 23:10:43,712 INFO We've got INN
2023-03-10 23:10:43,712 INFO We've got INN
2023-03-10 23:10:43,712 INFO We've got INN
2023-03-10 23:10:43,713 INFO We've got INN
2023-03-10 23:10:43,713 INFO We've got INN
2023-03-10 23:10:43,713 INFO We've got INN
2023-03-10 23:10:43,713 INFO We've got INN
2023-03-10 23:10:43,714 INFO We've got INN
2023-03-10 23:10:43,714 INFO We've got INN
2023-03-10 23:10:43,715 INFO We've got INN
2023-03-10 23:10:43,715 INFO We've got INN
2023-03-10 23:10:43,715 INFO We've got INN
2023-03-10 23:10:43,716 INFO We've got INN
2023-03-10 23:10:43,716 INFO We've got INN
2023-03-10 23:10:43,716 INFO We've got INN
2023-03-10 23:10:43,716 INFO We've got INN
2023-03-10 23:10:43,717 INFO We've got INN
2023-03-10 23:10:43,717 INFO We've got INN
2023-03-10 23:10:43,717 INFO We've got INN
2023-03-10 23:10:43,717 INFO We've got INN
2023-03-10 23:10:43,717 INFO We've got INN
2023-03-10 23:10:43,717 INFO We've got INN
2023-03-10 23:10:43,718 INFO We've got INN
2023-03-10 23:10:43,718 INFO We've got INN
2023-03-10 23:10:43,718 INFO We've got INN
2023-03-10 23:10:43,718 INFO We've got INN
2023-03-10 23:10:43,718 INFO We've got INN
2023-03-10 23:10:43,719 INFO We've got INN
2023-03-10 23:10:43,719 INFO We've got INN
2023-03-10 23:10:43,719 INFO We've got INN
2023-03-10 23:10:43,719 INFO We've got INN
2023-03-10 23:10:43,719 INFO We've got INN
2023-03-10 23:10:43,719 INFO We've got INN
2023-03-10 23:10:43,720 INFO We've got INN
2023-03-10 23:10:43,720 INFO We've got NAME
2023-03-10 23:10:43,720 INFO We've got URL
2023-03-10 23:10:43,720 INFO We've got ADR
2023-03-10 23:10:43,729 INFO We've got INN
2023-03-10 23:10:43,730 INFO We've got INN
2023-03-10 23:10:43,730 INFO We've got INN
2023-03-10 23:10:43,730 INFO We've got INN
2023-03-10 23:10:43,730 INFO We've got INN
2023-03-10 23:10:43,731 INFO We've got INN
2023-03-10 23:10:43,731 INFO We've got INN
2023-03-10 23:10:43,731 INFO We've got INN
2023-03-10 23:10:43,731 INFO We've got INN
2023-03-10 23:10:43,731 INFO We've got INN
2023-03-10 23:10:43,731 INFO We've got INN
2023-03-10 23:10:43,732 INFO We've got INN
2023-03-10 23:10:43,732 INFO We've got INN
2023-03-10 23:10:43,732 INFO We've got INN
2023-03-10 23:10:43,732 INFO We've got INN
2023-03-10 23:10:43,732 INFO We've got INN
2023-03-10 23:10:43,732 INFO We've got INN
2023-03-10 23:10:43,733 INFO We've got INN
2023-03-10 23:10:43,733 INFO We've got INN
2023-03-10 23:10:43,733 INFO We've got INN
2023-03-10 23:10:43,733 INFO We've got INN
2023-03-10 23:10:43,733 INFO We've got INN
2023-03-10 23:10:43,733 INFO We've got INN
2023-03-10 23:10:43,733 INFO We've got INN
2023-03-10 23:10:43,734 INFO We've got INN
2023-03-10 23:10:43,734 INFO We've got INN
2023-03-10 23:10:43,734 INFO We've got INN
2023-03-10 23:10:43,734 INFO We've got INN
2023-03-10 23:10:43,734 INFO We've got INN
2023-03-10 23:10:43,734 INFO We've got INN
2023-03-10 23:10:43,735 INFO We've got INN
2023-03-10 23:10:43,735 INFO We've got INN
2023-03-10 23:10:43,735 INFO We've got INN
2023-03-10 23:10:43,736 INFO We've got INN
2023-03-10 23:10:43,736 INFO We've got INN
2023-03-10 23:10:43,736 INFO We've got INN
2023-03-10 23:10:43,736 INFO We've got INN
2023-03-10 23:10:43,737 INFO We've got INN
2023-03-10 23:10:43,737 INFO We've got INN
2023-03-10 23:10:43,737 INFO We've got INN
2023-03-10 23:10:43,737 INFO We've got INN
2023-03-10 23:10:43,737 INFO We've got INN
2023-03-10 23:10:43,737 INFO We've got INN
2023-03-10 23:10:43,738 INFO We've got INN
2023-03-10 23:10:43,738 INFO We've got INN
2023-03-10 23:10:43,738 INFO We've got INN
2023-03-10 23:10:43,738 INFO We've got INN
2023-03-10 23:10:43,738 INFO We've got INN
2023-03-10 23:10:43,738 INFO We've got INN
2023-03-10 23:10:43,738 INFO We've got INN
2023-03-10 23:10:43,738 INFO We've got INN
2023-03-10 23:10:43,738 INFO We've got INN
2023-03-10 23:10:43,738 INFO We've got INN
2023-03-10 23:10:43,738 INFO We've got INN
2023-03-10 23:10:43,738 INFO We've got INN
2023-03-10 23:10:43,738 INFO We've got INN
2023-03-10 23:10:43,739 INFO We've got INN
2023-03-10 23:10:43,739 INFO We've got INN
2023-03-10 23:10:43,739 INFO We've got INN
2023-03-10 23:10:43,739 INFO We've got INN
2023-03-10 23:10:43,739 INFO We've got INN
2023-03-10 23:10:43,740 INFO We've got INN
2023-03-10 23:10:43,740 INFO We've got INN
2023-03-10 23:10:43,740 INFO We've got INN
2023-03-10 23:10:43,740 INFO We've got INN
2023-03-10 23:10:43,740 INFO We've got INN
2023-03-10 23:10:43,740 INFO We've got INN
2023-03-10 23:10:43,741 INFO We've got INN
2023-03-10 23:10:43,741 INFO We've got INN
2023-03-10 23:10:43,741 INFO We've got INN
2023-03-10 23:10:43,741 INFO We've got INN
2023-03-10 23:10:43,741 INFO We've got INN
2023-03-10 23:10:43,741 INFO We've got INN
2023-03-10 23:10:43,741 INFO We've got INN
2023-03-10 23:10:43,742 INFO We've got INN
2023-03-10 23:10:43,742 INFO We've got INN
2023-03-10 23:10:43,742 INFO We've got INN
2023-03-10 23:10:43,742 INFO We've got INN
2023-03-10 23:10:43,742 INFO We've got INN
2023-03-10 23:10:43,742 INFO We've got INN
2023-03-10 23:10:43,743 INFO We've got INN
2023-03-10 23:10:43,743 INFO We've got INN
2023-03-10 23:10:43,743 INFO We've got INN
2023-03-10 23:10:43,743 INFO We've got INN
2023-03-10 23:10:43,743 INFO We've got INN
2023-03-10 23:10:43,743 INFO We've got INN
2023-03-10 23:10:43,743 INFO We've got INN
2023-03-10 23:10:43,744 INFO We've got INN
2023-03-10 23:10:43,744 INFO We've got INN
2023-03-10 23:10:43,744 INFO We've got INN
2023-03-10 23:10:43,744 INFO We've got INN
2023-03-10 23:10:43,744 INFO We've got INN
2023-03-10 23:10:43,744 INFO We've got INN
2023-03-11 00:01:58,132 DEBUG Starting new HTTPS connection (1): www.rusprofile.ru:443
2023-03-11 00:01:58,281 DEBUG https://www.rusprofile.ru:443 "GET /search?query=%D0%98%D1%80%D0%BA%D1%83%D1%82&type=ul&search_inactive=2 HTTP/1.1" 200 None
2023-03-11 00:01:58,441 INFO We've got NAME
2023-03-11 00:01:58,441 INFO We've got URL
2023-03-11 00:01:58,441 INFO We've got ADR
2023-03-11 00:01:58,467 INFO We've got INN
2023-03-11 00:01:58,467 INFO We've got NAME
2023-03-11 00:01:58,467 INFO We've got URL
2023-03-11 00:01:58,467 INFO We've got ADR
2023-03-11 00:01:58,492 INFO We've got INN
2023-03-11 00:01:58,493 INFO We've got NAME
2023-03-11 00:01:58,493 INFO We've got URL
2023-03-11 00:01:58,493 INFO We've got ADR
2023-03-11 00:01:58,516 INFO We've got INN
2023-03-11 00:02:53,787 DEBUG Starting new HTTPS connection (1): www.rusprofile.ru:443
2023-03-11 00:02:53,945 DEBUG https://www.rusprofile.ru:443 "GET /search?query=%D0%98%D1%80%D0%BA%D1%83%D1%82&type=ul&search_inactive=2 HTTP/1.1" 200 None
2023-03-11 00:02:54,118 INFO We've got NAME
2023-03-11 00:02:54,118 INFO We've got URL
2023-03-11 00:02:54,118 INFO We've got ADR
2023-03-11 00:02:54,137 INFO We've got INN
2023-03-11 00:02:54,138 INFO We've got NAME
2023-03-11 00:02:54,138 INFO We've got URL
2023-03-11 00:02:54,138 INFO We've got ADR
2023-03-11 00:02:54,156 INFO We've got INN
2023-03-11 00:02:54,156 INFO We've got NAME
2023-03-11 00:02:54,156 INFO We've got URL
2023-03-11 00:02:54,156 INFO We've got ADR
2023-03-11 00:02:54,175 INFO We've got INN
2023-03-11 00:03:31,062 DEBUG Starting new HTTPS connection (1): www.rusprofile.ru:443
2023-03-11 00:03:31,244 DEBUG https://www.rusprofile.ru:443 "GET /search?query=%D0%98%D1%80%D0%BA%D1%83%D1%82&type=ul&search_inactive=2 HTTP/1.1" 200 None
2023-03-11 00:03:31,378 INFO We've got NAME
2023-03-11 00:03:31,378 INFO We've got URL
2023-03-11 00:03:31,378 INFO We've got ADR
2023-03-11 00:03:31,397 INFO We've got INN
2023-03-11 00:03:31,397 INFO We've got NAME
2023-03-11 00:03:31,397 INFO We've got URL
2023-03-11 00:03:31,397 INFO We've got ADR
2023-03-11 00:03:31,416 INFO We've got INN
2023-03-11 00:03:31,416 INFO We've got NAME
2023-03-11 00:03:31,416 INFO We've got URL
2023-03-11 00:03:31,416 INFO We've got ADR
2023-03-11 00:03:31,433 INFO We've got INN
2023-03-11 00:04:48,450 DEBUG Starting new HTTPS connection (1): www.rusprofile.ru:443
2023-03-11 00:04:48,581 DEBUG https://www.rusprofile.ru:443 "GET /search?query=%D0%98%D1%80%D0%BA%D1%83%D1%82&type=ul&search_inactive=2 HTTP/1.1" 200 None
2023-03-11 00:04:48,743 INFO We've got NAME
2023-03-11 00:04:48,743 INFO We've got URL
2023-03-11 00:04:48,743 INFO We've got ADR
2023-03-11 00:04:48,763 INFO We've got INN
2023-03-11 00:04:48,763 INFO We've got NAME
2023-03-11 00:04:48,763 INFO We've got URL
2023-03-11 00:04:48,764 INFO We've got ADR
2023-03-11 00:04:48,788 INFO We've got INN
2023-03-11 00:04:48,788 INFO We've got NAME
2023-03-11 00:04:48,788 INFO We've got URL
2023-03-11 00:04:48,788 INFO We've got ADR
2023-03-11 00:04:48,807 INFO We've got INN
2023-03-11 00:05:21,060 DEBUG Starting new HTTPS connection (1): www.rusprofile.ru:443
2023-03-11 00:05:21,195 DEBUG https://www.rusprofile.ru:443 "GET /search?query=%D0%98%D1%80%D0%BA%D1%83%D1%82&type=ul&search_inactive=2 HTTP/1.1" 200 None
2023-03-11 00:05:21,775 INFO We've got NAME
2023-03-11 00:05:21,776 INFO We've got URL
2023-03-11 00:05:21,776 INFO We've got ADR
2023-03-11 00:05:21,911 INFO We've got INN
2023-03-11 00:05:21,911 INFO We've got NAME
2023-03-11 00:05:21,912 INFO We've got URL
2023-03-11 00:05:21,912 INFO We've got ADR
2023-03-11 00:05:22,044 INFO We've got INN
2023-03-11 00:05:22,045 INFO We've got NAME
2023-03-11 00:05:22,045 INFO We've got URL
2023-03-11 00:05:22,045 INFO We've got ADR
2023-03-11 00:05:22,210 INFO We've got INN
2023-03-11 00:05:44,584 DEBUG Starting new HTTPS connection (1): www.rusprofile.ru:443
2023-03-11 00:05:44,710 DEBUG https://www.rusprofile.ru:443 "GET /search?query=%D0%98%D1%80%D0%BA%D1%83%D1%82&type=ul&search_inactive=2 HTTP/1.1" 200 None
2023-03-11 00:05:45,437 INFO We've got NAME
2023-03-11 00:05:45,438 INFO We've got URL
2023-03-11 00:05:45,439 INFO We've got ADR
2023-03-11 00:05:45,618 INFO We've got INN
2023-03-11 00:05:45,619 INFO We've got NAME
2023-03-11 00:05:45,619 INFO We've got URL
2023-03-11 00:05:45,620 INFO We've got ADR
2023-03-11 00:05:45,824 INFO We've got INN
2023-03-11 00:05:45,825 INFO We've got NAME
2023-03-11 00:05:45,825 INFO We've got URL
2023-03-11 00:05:45,826 INFO We've got ADR
2023-03-11 00:05:46,030 INFO We've got INN
2023-03-11 00:09:05,749 DEBUG Starting new HTTPS connection (1): www.rusprofile.ru:443
2023-03-11 00:09:05,891 DEBUG https://www.rusprofile.ru:443 "GET /search?query=%D0%98%D1%80%D0%BA%D1%83%D1%82&type=ul&search_inactive=2 HTTP/1.1" 200 None
2023-03-11 00:09:06,575 INFO We've got NAME
2023-03-11 00:09:06,576 INFO We've got URL
2023-03-11 00:09:06,576 INFO We've got ADR
2023-03-11 00:09:06,764 INFO We've got INN
2023-03-11 00:09:06,765 INFO We've got NAME
2023-03-11 00:09:06,765 INFO We've got URL
2023-03-11 00:09:06,766 INFO We've got ADR
2023-03-11 00:09:06,929 INFO We've got INN
2023-03-11 00:09:06,929 INFO We've got NAME
2023-03-11 00:09:06,930 INFO We've got URL
2023-03-11 00:09:06,930 INFO We've got ADR
2023-03-11 00:09:07,121 INFO We've got INN
2023-03-11 00:12:02,635 DEBUG Starting new HTTPS connection (1): www.rusprofile.ru:443
2023-03-11 00:12:02,841 DEBUG https://www.rusprofile.ru:443 "GET /search?query=%D0%98%D1%80%D0%BA%D1%83%D1%82&type=ul&search_inactive=2 HTTP/1.1" 200 None
2023-03-11 00:12:02,993 INFO We've got NAME
2023-03-11 00:12:02,993 INFO We've got URL
2023-03-11 00:12:02,994 INFO We've got ADR
2023-03-11 00:12:03,021 INFO We've got INN
2023-03-11 00:12:03,021 INFO We've got NAME
2023-03-11 00:12:03,021 INFO We've got URL
2023-03-11 00:12:03,021 INFO We've got ADR
2023-03-11 00:12:03,040 INFO We've got INN
2023-03-11 00:12:03,040 INFO We've got NAME
2023-03-11 00:12:03,040 INFO We've got URL
2023-03-11 00:12:03,041 INFO We've got ADR
2023-03-11 00:12:03,060 INFO We've got INN
2023-03-11 00:13:13,574 DEBUG Starting new HTTPS connection (1): www.rusprofile.ru:443
2023-03-11 00:13:14,092 DEBUG https://www.rusprofile.ru:443 "GET /search?query=01349&type=ul&search_inactive=2 HTTP/1.1" 200 None
2023-03-11 00:13:14,172 INFO We've got NAME
2023-03-11 00:13:14,172 INFO We've got URL
2023-03-11 00:13:14,172 INFO We've got ADR
2023-03-11 00:13:14,183 INFO We've got INN
2023-03-11 00:13:14,184 INFO We've got NAME
2023-03-11 00:13:14,184 INFO We've got URL
2023-03-11 00:13:14,184 INFO We've got ADR
2023-03-11 00:13:14,193 INFO We've got INN
2023-03-11 00:13:14,193 INFO We've got NAME
2023-03-11 00:13:14,193 INFO We've got URL
2023-03-11 00:13:14,193 INFO We've got ADR
2023-03-11 00:13:14,203 INFO We've got INN
2023-03-11 00:13:33,330 DEBUG Starting new HTTPS connection (1): www.rusprofile.ru:443
2023-03-11 00:13:33,481 DEBUG https://www.rusprofile.ru:443 "GET /search?query=%D0%B2/%D1%87%2001349&type=ul&search_inactive=2 HTTP/1.1" 200 None
2023-03-11 00:13:46,687 DEBUG Starting new HTTPS connection (1): www.rusprofile.ru:443
2023-03-11 00:13:46,832 DEBUG https://www.rusprofile.ru:443 "GET /search?query=%D0%B2%D0%BE%D0%B8%D0%BD%D1%81%D0%BA%D0%B0%D1%8F%20%D1%87%D0%B0%D1%81%D1%82%D1%8C%2001349&type=ul&search_inactive=2 HTTP/1.1" 200 None
2023-03-11 00:16:33,137 DEBUG Starting new HTTPS connection (1): www.rusprofile.ru:443
2023-03-11 00:16:33,671 DEBUG https://www.rusprofile.ru:443 "GET /search?query=%D0%B2%D0%BE%D0%B9%D1%81%D0%BA%D0%BE%D0%B2%D0%B0%D1%8F%20%D1%87%D0%B0%D1%81%D1%82%D1%8C&type=ul&search_inactive=2 HTTP/1.1" 200 None
2023-03-11 00:16:33,811 INFO We've got NAME
2023-03-11 00:16:33,811 INFO We've got URL
2023-03-11 00:16:33,811 INFO We've got ADR
2023-03-11 00:16:33,834 INFO We've got INN
2023-03-11 00:16:33,834 INFO We've got NAME
2023-03-11 00:16:33,834 INFO We've got URL
2023-03-11 00:16:33,834 INFO We've got ADR
2023-03-11 00:16:33,859 INFO We've got INN
2023-03-11 00:16:33,859 INFO We've got NAME
2023-03-11 00:16:33,859 INFO We've got URL
2023-03-11 00:16:33,859 INFO We've got ADR
2023-03-11 00:16:33,881 INFO We've got INN
2023-03-11 00:24:17,907 DEBUG Starting new HTTPS connection (1): www.rusprofile.ru:443
2023-03-11 00:24:18,091 DEBUG https://www.rusprofile.ru:443 "GET /search?query=%D0%B2%D0%BE%D0%B9%D1%81%D0%BA%D0%BE%D0%B2%D0%B0%D1%8F%20%D1%87%D0%B0%D1%81%D1%82%D1%8C&type=ul&search_inactive=2 HTTP/1.1" 200 None
2023-03-11 00:24:18,200 INFO We've got NAME
2023-03-11 00:24:18,201 INFO We've got URL
2023-03-11 00:24:18,201 INFO We've got ADR
2023-03-11 00:24:18,213 INFO We've got INN
2023-03-11 00:24:18,213 INFO We've got NAME
2023-03-11 00:24:18,213 INFO We've got URL
2023-03-11 00:24:18,213 INFO We've got ADR
2023-03-11 00:24:18,224 INFO We've got INN
2023-03-11 00:24:18,224 INFO We've got NAME
2023-03-11 00:24:18,224 INFO We've got URL
2023-03-11 00:24:18,224 INFO We've got ADR
2023-03-11 00:24:18,236 INFO We've got INN
2023-03-11 00:25:12,313 DEBUG Starting new HTTPS connection (1): www.rusprofile.ru:443
2023-03-11 00:25:12,454 DEBUG https://www.rusprofile.ru:443 "GET /search?query=%D0%B2%D0%BE%D0%B9%D1%81%D0%BA%D0%BE%D0%B2%D0%B0%D1%8F%20%D1%87%D0%B0%D1%81%D1%82%D1%8C&type=ul&search_inactive=2 HTTP/1.1" 200 None
2023-03-11 00:25:13,936 INFO We've got NAME
2023-03-11 00:25:13,937 INFO We've got URL
2023-03-11 00:25:13,938 INFO We've got ADR
2023-03-11 00:27:43,972 DEBUG Starting new HTTPS connection (1): www.rusprofile.ru:443
2023-03-11 00:27:44,158 DEBUG https://www.rusprofile.ru:443 "GET /search?query=%D0%B2%D0%BE%D0%B9%D1%81%D0%BA%D0%BE%D0%B2%D0%B0%D1%8F%20%D1%87%D0%B0%D1%81%D1%82%D1%8C&type=ul&search_inactive=2 HTTP/1.1" 200 None
2023-03-11 00:27:44,286 INFO We've got NAME
2023-03-11 00:27:44,286 INFO We've got URL
2023-03-11 00:27:44,286 INFO We've got ADR
2023-03-11 00:27:44,298 INFO We've got INN
2023-03-11 00:27:44,298 INFO We've got NAME
2023-03-11 00:27:44,298 INFO We've got URL
2023-03-11 00:27:44,299 INFO We've got ADR
2023-03-11 00:27:44,310 INFO We've got INN
2023-03-11 00:27:44,310 INFO We've got NAME
2023-03-11 00:27:44,310 INFO We've got URL
2023-03-11 00:27:44,310 INFO We've got ADR
2023-03-11 00:27:44,321 INFO We've got INN
2023-03-11 00:32:16,741 DEBUG Starting new HTTPS connection (1): www.rusprofile.ru:443
2023-03-11 00:32:16,946 DEBUG https://www.rusprofile.ru:443 "GET /search?query=%D0%B2%D0%BE%D0%B9%D1%81%D0%BA%D0%BE%D0%B2%D0%B0%D1%8F%20%D1%87%D0%B0%D1%81%D1%82%D1%8C&type=ul&search_inactive=2 HTTP/1.1" 200 None
2023-03-11 00:32:17,338 INFO We've got NAME
2023-03-11 00:32:17,338 INFO We've got URL
2023-03-11 00:32:17,339 INFO We've got ADR
2023-03-11 00:38:28,482 DEBUG Starting new HTTPS connection (1): www.rusprofile.ru:443
2023-03-11 00:38:28,625 DEBUG https://www.rusprofile.ru:443 "GET /search?query=%D0%B2%D0%BE%D0%B9%D1%81%D0%BA%D0%BE%D0%B2%D0%B0%D1%8F%20%D1%87%D0%B0%D1%81%D1%82%D1%8C&type=ul&search_inactive=2 HTTP/1.1" 200 None
2023-03-11 00:38:28,759 INFO We've got NAME
2023-03-11 00:38:28,759 INFO We've got URL
2023-03-11 00:38:28,759 INFO We've got ADR
2023-03-11 00:38:28,768 INFO We've got INN
2023-03-11 00:38:28,768 INFO We've got NAME
2023-03-11 00:38:28,769 INFO We've got URL
2023-03-11 00:38:28,769 INFO We've got ADR
2023-03-11 00:38:28,777 INFO We've got INN
2023-03-11 00:38:28,777 INFO We've got NAME
2023-03-11 00:38:28,777 INFO We've got URL
2023-03-11 00:38:28,777 INFO We've got ADR
2023-03-11 00:38:28,785 INFO We've got INN
2023-03-11 00:49:11,061 DEBUG Starting new HTTPS connection (1): www.rusprofile.ru:443
2023-03-11 00:49:11,215 DEBUG https://www.rusprofile.ru:443 "GET /search?query=%D0%B2%D0%BE%D0%B9%D1%81%D0%BA%D0%BE%D0%B2%D0%B0%D1%8F%20%D1%87%D0%B0%D1%81%D1%82%D1%8C&type=ul&search_inactive=2 HTTP/1.1" 200 None
2023-03-11 00:49:11,320 INFO We've got NAME
2023-03-11 00:49:11,321 INFO We've got URL
2023-03-11 00:49:11,321 INFO We've got ADR
2023-03-11 00:49:11,321 INFO We've got INN
2023-03-11 00:49:11,321 INFO We've got NAME
2023-03-11 00:49:11,321 INFO We've got URL
2023-03-11 00:49:11,321 INFO We've got ADR
2023-03-11 00:49:11,321 INFO We've got INN
2023-03-11 00:49:11,322 INFO We've got NAME
2023-03-11 00:49:11,322 INFO We've got URL
2023-03-11 00:49:11,322 INFO We've got ADR
2023-03-11 00:49:11,322 INFO We've got INN
2023-03-11 00:52:49,814 DEBUG Starting new HTTPS connection (1): www.rusprofile.ru:443
2023-03-11 00:52:49,942 DEBUG https://www.rusprofile.ru:443 "GET /search?query=%D0%BC%D0%B8%D1%88%D0%BD%20%D1%84%D1%83%D0%B4%D1%81&type=ul&search_inactive=2 HTTP/1.1" 200 None
2023-03-11 00:52:49,978 INFO We've got NAME
2023-03-11 00:52:49,979 INFO We've got URL
2023-03-11 00:52:49,979 INFO We've got ADR
2023-03-11 00:52:49,980 INFO We've got INN
2023-03-11 00:52:49,980 INFO We've got NAME
2023-03-11 00:52:49,980 INFO We've got URL
2023-03-11 00:52:49,980 INFO We've got ADR
2023-03-11 00:52:49,981 INFO We've got INN
